<file n="cpi.xml">
<pb n="1"/>
<article>漢巴名詞索引</article>

<h1>漢巴名詞索引</h1>
  <sr>newrain</sr>

漢巴名詞索引
1,2等是巴利文底本的頁碼符號
<h2>二畫</h2>
<xa>二法集義疏</xa>Dukanipata-atthakatha 142
<xa>十上經</xa>Dasuttarasutta 671
<xa>刀口<si>毒蛇</si></xa>satthamukha 368
<h2>三畫</h2>
<xa>三藐三菩陀</xa>Sammasambuddha 1
<xa>三昧</xa>samadhi 26,141
<xa>三摩地</xa>samadhi
3,84,97,144,267
<xa>三摩</xa>鉢地　 samapatti
127,286,473
<xa>三十三天<si>忉利天</si></xa>Tavatijsa 206,209,
225,390
<xa>三藏小無畏</xa>Tipitaka-Culabhaya
69,
96,394
<xa>三藏小龍</xa>Tipitaka-Culanaga
398
<xa>大寺</xa>Mahavihara
96,312
<xa>大寺住者</xa>Mahaviharavasi 2,711
<xa>大仙</xa>mahesi 2,501,234
<xa>大迦葉</xa>Mahakassapa
<pb n="2"/>
15,68,403
<xa>大迦旃延</xa>Mahakaccana
687
<xa>大友</xa>Mahamitta 38
<xa>大法護</xa>Maha-Dhammarakkhita
96
<xa>大塔寺</xa>Mahacetiya 91,143
<xa>大聖種</xa>Maha-ariyavajsa
93
<xa>大河</xa>Ganga 91
<xa>大帝須</xa>Maha-Tissa
20,143,194,689
<xa>大梵天</xa>Mahabrahma 392
<xa>大善見<si>王</si></xa>Mahasudassana 233
<xa>大目犍連</xa>Maha-Moggallana
380,399
<xa>大劫賓那<si>王</si></xa>Maha-Kappina 393
<xa>大天</xa>Maha-Deva 241
<xa>大村</xa>mahagama
39
<xa>大港</xa>Mahatittha 170
<xa>大義疏</xa>Maha-atthakatha 203
<xa>小龍洞</xa>Culanagalena
127
<xa>小海</xa>Cula-Samudda 403
<xa>小乞食帝須</xa>Culapindapatika-Tissa
116,191
<xa>小善賢女</xa>Cula-Subhadda 390
<xa>小尸婆長老</xa>Cula-Sivatthera
3l3
<pb n="3"/>
<xa>尸利摩</xa>Sirima 381
<xa>上座部</xa>Theravada 712
<xa>乞食者帝須</xa>Pindapatika-Tissa
292
<xa>久壽多羅優婆夷</xa>Khujjuttara-upasika
442
<h2>四畫</h2>
<xa>六欲諸天</xa>Cha Kamavacaradeva 392
<xa>六牙池</xa>Chaddantadaha 416
<xa>六處分別經</xa>Salayatanavibhangasutta
671
<xa>比丘</xa>bhikkhu 3,235,322
<xa>比丘尼</xa>bhikkhuni 11,82
<xa>比沙陀羅</xa>pisadara 210
<xa>比耶檀曼羅</xa>Piyada-mallo 233
<xa>支提山</xa>Cetiyapabbata 20,62,194
<xa>支提山</xa>Cetiyagiri 120
<xa>支那絲綢</xa>cinapatta
109
<xa>支那<si>綢</si></xa>布　 cinapata
550
<xa>分別論</xa>Vibhanga 89,140
<xa>分別論者</xa>vibhajjavadi 522
<xa>分別說<si>部</si></xa>Vibhajjavadi 711
<xa>巴脫唯<si>地</si></xa>pathavi 125
<xa>巴登伽<si>花</si></xa>pattanga 173
<xa>巴納薩<si>波羅蜜果</si></xa>panasa 120,254
<xa>巴利跋陀迦<si>珊瑚樹</si></xa>palibhaddaka
256,654
<xa>巴梵羅迦<si>樹</si></xa>pavaraka
<pb n="4"/>
258
<xa>巴利卻答迦樹</xa>paricchataka 206
<xa>巴基那肯達邏極</xa>Pacinakhandaraji
90
<xa>文荼</xa>Mendaka 233,383
<xa>王舍城</xa>Rajagaha 379,403
<xa>化樂<si>天</si></xa>Nimmanaratino 225
<xa>五頂</xa>Pancasikha 392
<xa>天子大園</xa>Devaputtamaharattha
292
<xa>木</xa>子　 addaritthaka
249
<xa>火口</xa>aggimukha 368
<xa>木口</xa>katthamukha 367
<xa>心護</xa>Cittagutta 38,171,173
<xa>卍</xa>sovatthika 161
<h2>五畫</h2>
<xa>世尊</xa>Bhagava 1,204,208
<xa>布薩</xa>uposatha 15,75,301,391
<xa>布薩堂</xa>uposathagara
171,188
<xa>布薩經</xa>Uposathasutta 227
<xa>布吒波陀</xa>Potthapada
671
<xa>布吒波陀經</xa>Potthapadasutta
671
<xa>白羯磨</xa>battikamma 706
<xa>弗沙</xa>Phussa 422
<xa>目犍連</xa>Moggallana 154
<xa>尼彌<si>王</si></xa>Nimi 233
<pb n="5"/>
<xa>尼楞<si>青</si></xa>nila 173
<xa>尼迦耶</xa>Nikaya 711
<xa>尼婆</xa>nimba 543
<xa>尼均提<si>花</si></xa>niggundi 257
<xa>尼犍陀</xa>Nigantha 498
<xa>尼民達羅<si>持邊山</si></xa>Nimindhara 206
<xa>尼迦賓那迦巴檀那伽羅</xa>Nikapennaka-
padhanaghara 634
<xa>由旬</xa>yojana 47,94,118,205,302
<xa>半擇迦<si>黃門</si></xa>pandaka 177,457,552
<xa>北俱盧<si>洲</si></xa>Uttarakuru 15,206,391
<xa>末頭迦<si>樹</si></xa>madhuka 260
<xa>四大王天</xa>Catumaharajika 225
<xa>他化自在天</xa>Paranimmitavasavattino 225
<h2>六畫</h2>
<xa>安般<si>出入息</si></xa>anapana
189,240
<xa>安婆</xa>ambu 170
<xa>安陀會<si>下衣</si></xa>antaravasaka 60
<xa>地果</xa>bhumipappataka
418
<xa>地獄</xa>niraya 55,207
<xa>因陀<si>主</si></xa>inda 491
<xa>因陀羅的柱石<si>界標</si></xa>indakhila 466
<xa>因陀羅的金剛</xa>Indavajira 635
<xa>牟尼</xa>muni 20l
<xa>牟尼牛王</xa>Munipuvgava 78
<xa>如來</xa>Tathagata 203,227
<xa>自在<si>天</si></xa>Issara 482
<xa>自性論者<si>數論派</si></xa>pakativadin
<pb n="6"/>
513
<xa>自恣</xa>pavareti 90
<xa>多羅<si>樹</si></xa>tala 244,254,554
<xa>多羅維利<si>路</si></xa>Talaveli 63
<xa>多楞迦羅</xa>Talangara 392
<xa>多楞迦羅</xa>Talankara 634
<xa>多伐但伽</xa>Tuvataka 93
<xa>多公草</xa>kunthatina
353
<xa>多拉檀羅山寺</xa>Tuladharapabbataviha-
ra 96
<xa>伊沙馱羅<si>持軸山</si></xa>Isadhara 206
<xa>伊利率</xa>Illisa 403
<xa>伊蘭陀</xa>eranda 654
<xa>那伽多</xa>Nagita 73
<xa>那伽跋羅</xa>nagabala 261
<xa>那伽婆羅</xa>nagabala 344
<xa>那伽斯那<si>那先</si></xa>Nagasena 438
<xa>西俱耶尼洲<si>西牛貨洲</si></xa>Aparagoyana
206
<xa>西利娑樹</xa>sirisa 206
<xa>百合</xa>kandala 253
<xa>色界<si>色有</si></xa>rupabhava 199
<xa>光音天</xa>Abhassara 414
<xa>式叉摩那</xa>sikkhamana 82
<xa>合論者</xa>samavayavadin
513
<xa>各得山寺</xa>Kotapabbata Vihara
292
<h2>七畫</h2>
<pb n="7"/>
<xa>佛陀</xa>Buddha 3,17,74,115,227
<xa>佛護</xa>Buddharakkhita 154
<xa>陀那</xa>dona 365
<xa>陀摩西柯<si></xa>烟焰龍王</si>　 Dhumasikha 207
<xa>陀拘羅<si>布</si></xa>Dukula 257
<xa>伽烏多</xa>gavuta 118
<xa>伽伽羅<si>池</si></xa>Gaggaraya 208
<xa>吠舍<si>族</si></xa>Vessa 232
<xa>劫<si>劫波</si></xa>Kappa 302,411
<xa>劫波樹</xa>kapparukkha 206,383,550
<xa>佉地羅</xa>khadira 646
<xa>沙門</xa>samana 9,93,140,215,322
<xa>沙彌</xa>samanera
15,74,82
<xa>沙彌尼</xa>samaneri
15,82
<xa>沙麻</xa>sama 183
<xa>沙利</xa>sali 45
<xa>沙羅伐底河</xa>Sarasvati 10
<xa>沙那滕達<si>種德婆羅門</si></xa>Sonadanda 208
<xa>沙羅婆河</xa>Sarabhu 10
<xa>阿羅迦</xa>Arako 237
<xa>阿難</xa>Ananda 9,98,499
<xa>阿難陀</xa>Ananda 399
<xa>阿難長老</xa>Anandatthera 442
<xa>阿迦</xa>akka 249
<xa>阿恕迦<si>樹</si></xa>asoka 625
<xa>阿育大王</xa>Asokamaharaja 201
<xa>阿闍梨</xa>acariya 242,248
<xa>阿練若</xa>arabba
<pb n="8"/>
59,72,91,190,240,266
<xa>阿摩晝經</xa>Ambatthasutta 202
<xa>阿含</xa>agama 62,122
<xa>阿那律陀</xa>Anuruddha 63,391
<xa>阿那嬌</xa>Anoja 393
<xa>阿闍黎<si>梨</si></xa>acariya 25,69,179,522
<xa>阿羅漢</xa>Arahatta 1,187,234
<xa>阿羅漢道</xa>arahattamagga 203
<xa>阿羅羅</xa>Alara 330
<xa>阿那含</xa>Anagami
6,62,79,270
<xa>阿耆多</xa>Ajita 7
<xa>阿伽西柯<si>火焰龍王</si></xa>Aggisikha 207
<xa>阿賴耶<si>執著</si></xa>alaya 293,497
<xa>阿說他</xa>assattha 183
<xa>阿羅梵樓<si>龍王</si></xa>Aravala
207
<xa>阿羅迦</xa>aloka 174
<xa>阿波<si>水</si></xa>apo 170
<xa>阿迦沙<si>虛空</si></xa>akasa
175
<xa>阿修羅</xa>asura 206,406,427,501
<xa>阿毗達摩</xa>Abhidhamma 72,138,320,
441,530,658
<xa>阿藍羅</xa>Alara 304
<xa>阿僧衹</xa>Asankheyya 302,411,421
<xa>阿</xa>鉢羅<si>無苗</si>龍王　 Apalalonagaraja 207
<xa>阿羅婆迦夜叉</xa>Alavaka-yakkha
208
<xa>阿</xa>羅<si>努拉</si>陀補羅<si>城</si>　 Anuradhapu-
<pb n="9"/>
ra 20,72,90
<xa>阿鼻<si>地獄</si></xa>Avici 390,427
<xa>阿鼻大地獄</xa>Avicimahaniraya
207
<xa>阿尼羅</xa>anila 172
<xa>阿迦膩吒<si>色究竟</si></xa>Akanittha 392,
634,710
<xa>阿耨達池</xa>Anotatta-daha 391
<xa>阿羯羅伐底河</xa>Aciravati 10
<xa>貝多根<si>黃</si></xa>pitakaj 173
<h2>八畫</h2>
<xa>金翅鳥王</xa>Supannaraja 155
<xa>怖駭經</xa>Bhayabheravasutta 202
<xa>居士</xa>gahapati 9
<xa>制多羅山</xa>Cittalapabbata 173
<xa>肩袈裟</xa>ajsakasava
65
<xa>和尚<si>親教師</si></xa>upajjhaya 25,188
<xa>奈迦</xa>naga 206
<xa>孟春月</xa>phagguna 418
<xa>衹夜</xa>geyya 441
<xa>舍利弗</xa>Sariputta 234,380
<xa>舍衛城</xa>Savatthi 1,390
<xa>拔提</xa>Bhaddiya 399
<xa>拔拘羅</xa>Bakula 103
<xa>法授</xa>Dhammadinna 392
<xa>法阿輸迦</xa>Dhammasoka 112
<xa>彼多迦</xa>Petaka 141
<xa>波羅蜜</xa>parami 203,302
<xa>波羅蜜戒</xa>paramitasila
<pb n="10"/>
l3
<xa>波羅提木叉<si>戒</si></xa>Patimokkha 18,292
<xa>波羅夷</xa>parajika
22
<xa>波奈跋利迦</xa>Punnavallika 143
<xa>波那伽<si>鐵力木</si></xa>punnaga 254,256
<xa>波羅波<si>草</si></xa>pabbaja 586
<xa>波伽羅裟帝</xa>Pokkharasati 208
<xa>波吒釐子<si>城</si></xa>Pataliputta 312
<xa>波孤沙<si>族</si></xa>Pukkusa 232
<xa>周那</xa>Cunda 371
<xa>周利槃陀迦</xa>Cula-Panthaka 387
<xa>周羅須摩那</xa>Culasumana 634
<xa>周羅達羅<si>小腹龍王</si></xa>Culodara 207
<xa>郁伽</xa>Ugga 233
<xa>郁多羅</xa>Uttara 380
<xa>郁多羅僧<si>上衣</si></xa>uttarasangha 60,393
<xa>郁多羅母</xa>Uttaramata 382
<xa>郁金布經</xa>Haliddavasana-Sutta 324
<xa>拘羅尸浮</xa>Cula-Siva
170
<xa>拘羅格大寺</xa>Corakamahavihara
38
<xa>剎那</xa>khana 4,230,238
<xa>剎帝利<si>族</si></xa>Khattiya 9,180,232
<xa>耶舍</xa>Yasa 393
<xa>夜叉</xa>yakkha 206,239,302,342
<xa>夜叉女</xa>yakkhini 121
<xa>夜叉女</xa>yakkhi 366
<xa>夜摩那河</xa>Yamuna 10,215
<pb n="11"/>
<xa>迦屍王</xa>Kasi-rabba
302
<xa>迦尸</xa>Kasi 64
<xa>迦旃延</xa>Kaccana 422,519
<xa>迦旃延經</xa>Kaccanasutta 519
<xa>迦多迦<si>馬錢子</si></xa>kataka 254
<xa>迦陵頻伽<si>鳥</si></xa>karavika 112
<xa>迦樓羅<si>金翅鳥</si></xa>Garula 206
<xa>迦羅摩</xa>Kalama 330
<xa>迦藍浮王</xa>Kalabu-raja
229
<xa>迦尼迦羅<si>花</si></xa>kanikara
173
<xa>迦答迦</xa>kataka 591
<xa>迦舍迦</xa>Kasika 115
<xa>迦藤跋<si>樹</si></xa>kadamba 206
<xa>迦那羅</xa>Canura 233
<xa>迦多根達迦羅</xa>Katakandhakara 228
<xa>迦羅曼陀</xa>karamanda 183
<xa>迦答唯陀</xa>jatavedo 171
<xa>迦尼迦羅<si>樹</si></xa>kanikara 256,264
<xa>迦伽跋利耶</xa>Kakavalliya 403
<xa>迦布德迦</xa>Kapotakandara 380
<xa>迦那維羅</xa>kanavira 183
<xa>迦葉</xa>Kassapa 422
<xa>迦爾耶那</xa>Kalyana 689
<xa>迦羅利耶<si>山</si></xa>Karaliya
96
<xa>迦巴率綿</xa>kappasa-picu 285
<xa>迦毗他伽</xa>kapitthaka 183
<pb n="12"/>
<xa>長老芒果山</xa>Therambatthala 375
<xa>東毗提訶洲<si>東勝身洲</si></xa>Pubbavideha 206
<h2>九畫</h2>
<xa>南無</xa>namo 1
<xa>南山</xa>Dakkhinagiri 120
<xa>派素</xa>phasso 442
<xa>派沙</xa>phassa 442
<xa>修多羅</xa>Sutta 441
<xa>首陀<si>族</si></xa>Sudda 232
<xa>胡麻</xa>tila 262
<xa>界論</xa>Dhatukatha 96
<xa>信度梵羅<si>花</si></xa>sindhuvara 105
<xa>度使魔</xa>Dusimara
229
<xa>施無畏</xa>Dattabhaya 103
<xa>哈羅哈</xa>halahala 57
<xa>恒河</xa>Ganga 10,123,215
<xa>差摩婆帝</xa>Samavati
380,381
<xa>持雙山</xa>Yugandhara-pabbata 391
<xa>客羅</xa>khalu 61
<xa>客勒羅曼<si>粗毛</si></xa>夜叉Kharaloma-yakkha
208
<xa>帝釋</xa>Inda 406
<xa>帝釋</xa>Sakka 2,193,301,391
<xa>帝釋天王</xa>Sakkadevaraja 208
<xa>帝柱</xa>indakhila 72
<xa>帝須</xa>Tissa 27,63,127,292,422
<xa>帝須大精舍</xa>Tissa-Mahavihara
392
<pb n="13"/>
<xa>帝須達多</xa>Tissadatta 403
<xa>毗舍佉</xa>Visakha 498
<xa>毗舍佉長老</xa>Visakhatthera 312
<xa>毗</xa>鉢舍那<si>觀</si>　 vipassana 2,97,187,228,
275
<xa>毗奈耶</xa>vinaya 13
<xa>毗崩伽</xa>Vibhanga 12
<xa>毗羅梵崩陀</xa>beluvapandu 392
<xa>毗首羯磨</xa>Vissakamma 390
<xa>毗陀羅</xa>vedalla 441
<xa>毗婆尸</xa>Vipassi 433
<xa>毗曼塞那</xa>Bhimasena 233
<xa>毗那怛迦<si>象鼻山</si></xa>Vinataka 206
<xa>毗闍延多</xa>Vejayanta 233
<h2>十畫</h2>
<xa>哥倫陀<si>寺</si></xa>Korandaka 9l
<xa>耆婆</xa>Jivaka 388
<xa>陶師村</xa>Kumbhakaragama
9l
<xa>郭公池</xa>Kunaladaha 416
<xa>臭口<si>毒蛇</si></xa>putimukha 367
<xa>悔過<si>波底提舍尼</si></xa>patidesaniya 22
<xa>特羅根達利迦</xa>Telakandarika 27
<xa>造車池</xa>Rathakaradaha 416
<xa>健闥婆</xa>Gandhabba 392
<xa>餓鬼</xa>peta 501
<xa>根哈梵答尼</xa>kanhavattani 171
<xa>格答格答<si>聲</si></xa>katakata 264
<xa>殊提</xa>Jotiya<si>Jotika</si> 233,282
<xa>娑婆主</xa>Sahampati 201
<pb n="14"/>
<xa>娑雞帝城</xa>Saketa 390
<xa>案達羅派</xa>Andhaka 699
<xa>莫伽羅闍</xa>Mogharaja 656
<xa>荼毗</xa>jhapeti 36,76,176
<xa>蓮花色</xa>Uppalavanna 687
<xa>旃陀羅<si>族</si></xa>Candala　 54,195,232,259
<xa>旃陀波陀曼悉利</xa>Candapadumasiri 　383
<xa>栴檀</xa>candana 10
<xa>般若</xa>pabba 198
<xa>般涅槃</xa>parinibbana
79,98,176,292,677
<xa>涅槃</xa>nibbana 2,293
<xa>俱羅<si>鳥</si></xa>gula 586
<xa>俱胝</xa>koti 46,201,232
<xa>俱多山</xa>Kotapabbata 127
<xa>俱迦難陀</xa>kokanada 388
<xa>俱盧舍</xa>kosa 127
<xa>俱盤提</xa>kumbhandi 183
<xa>俱毗蘭羅<si>烏木</si></xa>kovilara 257
<xa>俱答滕答</xa>Kutadanta 208
<xa>馬護</xa>Assagutta 98
<xa>馬拉耶</xa>Malaya 95,241
<xa>們義<si>草</si></xa>mubja 586
<xa>師子喻經</xa>Sihopamasutta 610
<h2>十一畫</h2>
<xa>勒梵</xa>Reva 95
<xa>偷蘭遮</xa>thullaccaya 22
<xa>麻羅多</xa>maluta 172
<xa>乾闥婆城</xa>gandhabbanagara 633
<xa>崩陀根跋羅</xa>Pandukambala 391
<pb n="15"/>
<xa>欲界<si>欲有</si></xa>kamabhava 198
<xa>兜率<si>天</si></xa>Tusita 225
<xa>兜羅綿<si>木綿</si></xa>tula 282,404
<xa>頗率特梵長老</xa>Phussadevatthera 228
<xa>蛇喻經</xa>Alagaddasutta 671
<xa>粗澀林</xa>Pharusakavana 424
<xa>教誡難陀經</xa>Nandakovadasutta 667
<xa>雪山</xa>Himava 206
<xa>清淨道</xa>Visuddhimagga 1
<xa>焰摩<si>天</si></xa>Yama 225
<xa>基脫羅巴答利<si>樹</si></xa>citrapatali 206
<xa>唯達那</xa>vedano 442
<xa>袈裟</xa>kasava<si>kasaya</si>
18,65
<xa>麻恒達窟</xa>Mahindaguha 110
<xa>奢摩他<si>止</si></xa>samatha 134,243,275
<xa>庵羅<si>芒果</si></xa>amba 43
<xa>庵婆</xa>amba 389
<xa>庵摩羅<si>果</si></xa>amalaka 232
<xa>庵跋吒學童</xa>Ambattha-manava
207
<xa>野干</xa>sivgala<si>sigala</si>
179,196
<xa>野干</xa>sivgala 302
<xa>野豌豆</xa>kulattha 256
<xa>菩提</xa>Bodhi 116
<xa>菩提樹</xa>Bodhi 72,198
<xa>菩薩</xa>Bodhisatta 15,116,499
<xa>菩利達多<si>龍王</si></xa>Bhuridatta 303
<xa>曼陀羅<si>圓相</si></xa>mandala
<pb n="16"/>
150,173,328
<xa>曼羅迦</xa>Mallaka 123
<xa>曼陀伽</xa>manduka 688
<xa>曼陀多<si>王</si></xa>Mandhatu 233
<xa>曼迦羯</xa>makaci 249
<xa>婆伽梵</xa>Bhagava 1
<xa>婆羅門<si>族</si></xa>Brahmana
9,215,232
<xa>婆耆舍</xa>Vangisa 38
<xa>婆彌<si>地</si></xa>bhumi 125
<xa>婆羅提婆</xa>Baladeva 233
<xa>婆藪提婆</xa>Vasudeva 233
<xa>婆多尼耶</xa>vattaniya 430
<xa>婆多波羅</xa>Bhutapala
379
<xa>梵天</xa>Brahman 2,301
<xa>梵天</xa>Brahmaloka 36,l99,634
<xa>梵蘇天</xa>Vasudeva 482
<xa>梵悉迦<si>花</si></xa>vassika 174
<xa>梵多</xa>vata 172
<xa>梵眾<si>天</si></xa>Brahmakayika 225
<xa>梵黎</xa>vari 170
<xa>梵那<si>愛</si></xa>vana 293
<xa>梵瑜<si>風</si></xa>vaya 172
<xa>梵摩婆帝</xa>Brahmavati 434
<xa>梵素曇<si>地</si></xa>vasudha 125
<xa>梵松達蘭<si>地</si></xa>vasundhara 125
<xa>烏達根</xa>udaka 170
<xa>畢陵伽母</xa>Piyankaramata 382
<xa>畢雲古島</xa>Piyangudipa 706
<pb n="17"/>
<xa>閉屍</xa>Pesi 236
<xa>堅輻</xa>Dalhanemi 233
<xa>淨飯大王</xa>Suddhodana-maharaja
210
<xa>淨居天</xa>Suddhavasa
392
<xa>貪求經</xa>Gedhasutta 226
<xa>竟伽</xa>Ganga 　404
<h2>十二畫</h2>
<xa>喻健達羅<si>持雙山</si></xa>
Yugandhara 206
<xa>遍淨天</xa>Subhakinha 414
<xa>斯陀含</xa>Sakadagami
6,62,270
<xa>蛙天子</xa>Manduka-devaputta
208
<xa>跏趺坐</xa>pallanka 208
<xa>提婆達多</xa>Devadatta 406
<xa>跋迦離</xa>Vakkali 129
<xa>跋多迦羅迦</xa>vattakalaka 143
<xa>等正菩提</xa>abhisambodhi 214
<xa>等正覺</xa>Sammasambuddha 232
<xa>最上信樂經</xa>Aggappasadasutta
207
<xa>最上梵</xa>Brahmuttama 317
<xa>最勝宮</xa>Vejayanta 399
<xa>象腹</xa>Hatthikucchi 120
<xa>象腹山</xa>Hatthikucchipabbhara
110
<xa>犍度</xa>Khandhaka 101,188
<pb n="18"/>
<xa>犍度品</xa>khandhaka 12
<xa>富樓那</xa>Punna 383
<xa>富蘭那迦</xa>Punnaka 233,381
<xa>薩陀那耶</xa>saddanaya 210
<xa>薩利楞</xa>salila 170
<xa>薩羅崩伽</xa>Sarabhanga 411
<xa>薩遮尼乾子</xa>Saccaka-Niganthaputta 207
<xa>無花果</xa>udumbara 257
<xa>無花果樹</xa>kacchaka 183
<xa>無色界<si>無色有</si></xa>arupabhava l99
<xa>無畏長老</xa>Abhayatthera 36
<xa>無熱惱池</xa>Anotattadaha 416
<xa>無憂<si>王</si></xa>Asoka 232
<xa>無</xa>碍解道　 Patisambhida 6
<xa>發趣論</xa>Patthana
671
<xa>喬達答</xa>Godatta 138
<xa>華氏城</xa>Pataliputta 403
<xa>訶梨勒<si>果</si></xa>haritaki 24
<xa>訶多薩那</xa>hutasano 171
<xa>單墮<si>波逸提</si></xa>pacittiya 22
<xa>勝者</xa>Jina 2
<xa>勝跋利樹</xa>simbalirukkha 206
<xa>鈍角池</xa>Kannamundaka
416
<xa>喬羅達格大窟</xa>Kurandaka-Mahalena 38
<xa>須彌山</xa>Sineru 201,391
<xa>須陀洹</xa>Sotapanna 4,62,242
<xa>須陀洹</xa>Sotapatti 270
<xa>須陀洹道</xa>Sotapattimagga 202
<pb n="19"/>
<xa>須尸摩</xa>Susima 67l
<xa>須尸摩經</xa>Susimasutta 671
<xa>須摩那<si>花</si></xa>sumana 418
<xa>須夜摩天</xa>Suyama 392
<xa>須梵摩</xa>Subrahma 434
<xa>結跏趺坐</xa>pallanka 79,634
<xa>結跏趺坐</xa>pallankaj abhujitva 180
<xa>結利根達迦</xa>Girikandaka 143
<xa>結黎根尼迦</xa>girikannika 173
<xa>結多古多</xa>cittakuta 650
<xa>結但羅山</xa>Cittalapabbata 120,127,634
<xa>給孤獨</xa>Anathapindika
398
<xa>惡作<si>突吉羅</si></xa>dukkata 23,119
<xa>惡跋沙<si>光</si></xa>obhasa 174
<xa>惡達多<si>白</si></xa>odata 174
<h2>十三畫</h2>
<xa>甄叔迦</xa>kijsuka l96,252
<xa>塔園寺</xa>Thuparama
90
<xa>鼓輪達伽</xa>kurandaka 183
<xa>辟支佛</xa>paccekabuddha 116,232,234
<xa>辟支菩提</xa>paccekabodhi 214
<xa>塞多梵觸</xa>setavaccha 654
<xa>障</xa>碍機會經Sambadhokasa-sutta
227
<xa>瑜伽</xa>yoga 14,113
<xa>義釋</xa>Niddesa 140,210
<xa>聖提<si>樹</si></xa>sindi 254
<xa>傳車經</xa>Rathavinita-sutta 93,671
<pb n="20"/>
<xa>陽炎</xa>marici 647
<xa>達那波羅<si>財護象</si></xa>Dhanapalaka 207
<xa>達能吉耶</xa>Dhanabcaya 383
<xa>鄔波馱耶<si>和尚</si></xa>Upajjhaya 69,395
<xa>補特伽羅</xa>puggala 219,409,668
<xa>補沙蜜多</xa>Phussamitta 382
<xa>獅子崖池</xa>Sihapatana
416
<h2>十四畫</h2>
<xa>蔓吉</xa>mubja 406
<xa>竭地洛迦<si>郭公山</si></xa>Karavika 206
<xa>槃陀羅多</xa>badalata 418
<xa>榕樹</xa>nigrodha 183
<xa>蜜樹油</xa>madhuka-tela 344
<xa>僧</xa>sangha 18
<xa>僧伽</xa>sangha 40,705
<xa>僧伽梨衣</xa>sanghati<si>savghati</si>
24,343
<xa>僧伽蘭<si>藍</si></xa>sangharama
90,408
<xa>僧集</xa>gana 40
<xa>僧衹婆</xa>Sabjiva
380,706
<xa>僧護</xa>Sangharakkhita 45,194
<xa>僧殘<si>僧伽婆尸沙</si></xa>sanghadisena 22
<xa>僧結笈</xa>Sankicca 379
<xa>僧揭笈沙彌</xa>Sankicca-samanera
313
<xa>僧伽施<si>市</si></xa>Sankassa 39l
<xa>僧伽波羅</xa>Sanghapala 711
<pb n="21"/>
<xa>漢伽拿伽</xa>Hankanaka 634
<xa>銅殿</xa>Lohapasada
91
<xa>銅鍱</xa>Tambapanni 392
<xa>銅鍱洲</xa>Tambapannidipa
36,127,312
<h2>十五畫</h2>
<xa>增支<si>部</si></xa>Anguttara 74,76
<xa>額部曇</xa>abbuda 236
<xa>犛<si></xa>牦</si>牛　 camari 36,392
<xa>墨地尼<si>地</si></xa>medini 125
<xa>德瞿<si>火</si></xa>tejo 171
<xa>羯磨</xa>kamma 706
<xa>羯羅藍<si>凝滑</si></xa>kalala 236,476,552
<xa>羯但羅山寺</xa>Cittalapabbatavihara
292,
306,313
<xa>羯那憍陳如</xa>Khanukondabba
380
<xa>摩羅迦</xa>Mallaka 265
<xa>摩訶男</xa>Mahanama
202,224,676
<xa>摩訶男經</xa>Mahanama-sutta
226
<xa>摩訶槃陀迦</xa>Mahapanthaka 387
<xa>摩訶迦旃延</xa>Mahakaccana
227
<xa>摩訶達羅<si>大腹龍王</si></xa>Mahodara 207
<xa>摩訶達多</xa>Mahadatta 634
<xa>摩訶薩</xa>mahasatta 325
<pb n="22"/>
<xa>摩訶迦</xa>Mahaka 393
<xa>摩訶羅哈納瞿多</xa>Maharohanagutta
155,375
<xa>摩訶摩耶</xa>Mahamaya 210
<xa>摩訶那伽</xa>Mahanaga
706
<xa>摩訶帝須</xa>Mahatissa 193
<xa>摩訶三摩多<si>王</si></xa>Mahasammata 233
<xa>摩訶伽楞羯耶寺</xa>Mahakarabjiya-vihara
272
<xa>摩訶阿那律</xa>Maha-Anula
404
<xa>摩訶奈地河</xa>Mahanadi 10
<xa>摩訶跋多尼</xa>Mahavattani 36
<xa>摩奴之子</xa>manava 655
<xa>摩尼<si>珠</si></xa>mani
10,241,256,313,625
<xa>摩健提</xa>Magandi
381
<xa>摩竭陀語</xa>Magadhikaya
441
<xa>摩哂陀</xa>Mahinda 393
<xa>摩西河</xa>Mahi 10
<xa>摩希<si>地</si></xa>mahi 125
<xa>摩楞陀笈多迦</xa>Morandacetaka
712
<xa>摩根提耶經的記事</xa>Magandiyasuttup-
patti 105
<xa>廣果天</xa>Vehapphala 414
<xa>樂阿賴耶</xa>alayaramatta 570
<pb n="23"/>
<xa>質多居士</xa>Cittagahapati 378,442
<xa>輪圍山</xa>cakkavala 153,206
<xa>劍波海</xa>khuradhara 163
<xa>劍蒲闍</xa>Kamboja 332
<xa>憍薩羅王</xa>Kosalaraja 201
<xa>盤頭摩</xa>Bandhuma 433
<xa>盤頭摩帝</xa>Bandhumati 433
<xa>盤陀祇梵迦<si>花</si></xa>bandhujivaka 174
覩史多<si>天</si>　 Santusita 210
<h2>十六畫</h2>
<xa>燃燈佛</xa>Dipankara 203
<xa>醒提</xa>sindi 183
<xa>薄拘羅</xa>Bakkula 80,379
<xa>龍長老</xa>Nagatthera 96
<xa>龍山</xa>Nagapabbata 127
<xa>龍蔓</xa>nagalata 391
<xa>頭陀支</xa>dhutavga 40
<xa>曇摩崛多</xa>Dhammagutta 382
<xa>曇摩陳那</xa>Dhammadinna 634
<xa>曇彌迦優婆塞</xa>Dhammika-upasaka 442
<xa>鴦瞿利摩羅</xa>Angulimala 403
<xa>鴦耆羅沙</xa>Angirasa 388
<xa>闍提羅</xa>Jatila 233
<xa>闍提羅</xa>Jatilaka 382
<xa>闍耶蘇曼那<si>花</si></xa>jayasumana 174
<xa>閻浮<si>樹</si></xa>jambu 120,206
<xa>閻浮<si>果</si></xa>jambu 409
<xa>閻浮洲</xa>Jambudipa170,201,206,304,383
<xa>閻浮金</xa>jambonada　 48
<xa>輸羅耶長者</xa>Soreyyasetthi 687
<pb n="24"/>
<xa>頻毗娑羅<si>王</si></xa>Bimbisara 201
<xa>錫蘭的</xa>sihala
255
<h2>十七畫</h2>
<xa>檀越</xa>upatthaka
41
<xa>優婆塞</xa>upasaka 15,82,312
<xa>優婆夷</xa>upasika 15,82,91,306
<xa>優波難陀</xa>Upananda 81,154
<xa>優婆曇結頓</xa>Ussadakittana 103
<xa>優提體羅</xa>Yughitthila 233
<xa>優婆離居士</xa>Upaligahapati 442
<xa>優填</xa>Udena 381
<xa>優吉梵利伽</xa>Uccavalika 634
<xa>優陀婆羅</xa>udumbara 654
<xa>優薩婆</xa>usabha 674
<xa>彌陀利</xa>Sundari 692
<xa>聲聞</xa>savaka 45,62,98
<xa>聲聞菩提</xa>savakabodhi 214
<xa>彌勒</xa>Metteyya 47,434
<xa>彌醯經</xa>Meghiyasutta 114
<xa>糞無畏</xa>Milhabhaya
79
<xa>糞掃衣</xa>pajsukula
59,63
<xa>禪那</xa>jhana 140,145,164
<xa>鍵南</xa>ghana 236
<h2>十八畫</h2>
<xa>瞿曇</xa>Gotama 1,497
<xa>瞿師多</xa>Ghosita 383
<pb n="25"/>
<xa>瞻波市</xa>Campanagara 208
<xa>瞻波伽<si>金色花</si></xa>campaka 514
<xa>蟲漆汁</xa>lakha-rasa
261
<xa>雜合林</xa>Missakavana 424
<xa>顏部曇<si>胞</si></xa>abhuda 476
<xa>顏濕羯那<si>馬耳山</si></xa>Assakanna 206
<xa>鵝崖池</xa>Hajsapatana
416
<h2>十九畫</h2>
<xa>羅</xa>睺羅　 Rahula　 115,291,399
<xa>羅</xa>睺羅經　 Rahula-Sutta　 115
<xa>羅</xa>睺　 Rahu
651
<xa>羅哈納</xa>Rohana 91
<xa>羅迦毗由赫</xa>Lokabyuha 415
<xa>羅多柯倫達迦<si>花</si></xa>rattakorandaka 174
<xa>羅婆</xa>Labu 183
<xa>羅希多根<si>赤</si></xa>lohitakaj 174
<xa>羅梵那甕</xa>ravanaghata
264
<xa>蟻塔</xa>vammika 183
<xa>難陀</xa>Nanda 154
<xa>難陀學童</xa>Nandamanavaka 687
<xa>難陀優波難陀</xa>Nandopananda 398
<xa>難羅伽</xa>Nalaka 93
<xa>難利</xa>nali 383
<h2>二十畫</h2>
<xa>蘇迷盧</xa>Sineru 206
<xa>蘇達舍那<si>善見山</si></xa>Sudassana 206
<pb n="26"/>
<xa>蘇摩羅</xa>Somara 109
<xa>蘇曼那<si>花</si></xa>sumana 174
<xa>蘇吉羅曼<si>針毛</si></xa>夜叉Suciloma-yakkha 208
<xa>蘇摩羅<si>綢</si></xa>布　 somarapata
550
<xa>蘇波迦</xa>Sopaka 112
<xa>蘇曼那特唯</xa>Sumanadevi 383
<xa>蘇納</xa>Sona 129
<xa>覺音</xa>Buddhaghosa l
<h2>二十一畫</h2>
<xa>魔</xa>mara 73,79
<xa>蘭留陀夷</xa>Laludayi 81
鷄屍　 Kesi 208
鷄鷄鳥　 kiki 36
<xa>護國</xa>Ratthapala
399
<xa>鐵羅跋脫拉寺</xa>Therambatthala 155
<h2>二十二畫</h2>
<xa>歡喜林</xa>Nandavana 424
</file>
